-------------------------------------------------------------------------------
Test set: com.example.app.UserIntegrationTest
-------------------------------------------------------------------------------
Tests run: 5, Failures: 0, Errors: 5, Skipped: 0, Time elapsed: 7.218 s <<< FAILURE! - in com.example.app.UserIntegrationTest
testGetAllUsersPage  Time elapsed: 0 s  <<< ERROR!
java.lang.IllegalStateException: Failed to load ApplicationContext
Caused by: org.springframework.beans.factory.UnsatisfiedDependencyException: Error creating bean with name 'userController': Unsatisfied dependency expressed through field 'userRequestChannel'; nested exception is org.springframework.beans.factory.NoUniqueBeanDefinitionException: No qualifying bean of type 'org.springframework.messaging.MessageChannel' available: expected single matching bean but found 3: requestChannel,nullChannel,errorChannel
Caused by: org.springframework.beans.factory.NoUniqueBeanDefinitionException: No qualifying bean of type 'org.springframework.messaging.MessageChannel' available: expected single matching bean but found 3: requestChannel,nullChannel,errorChannel

testSaveUser  Time elapsed: 0 s  <<< ERROR!
java.lang.IllegalStateException: Failed to load ApplicationContext
Caused by: org.springframework.beans.factory.UnsatisfiedDependencyException: Error creating bean with name 'userController': Unsatisfied dependency expressed through field 'userRequestChannel'; nested exception is org.springframework.beans.factory.NoUniqueBeanDefinitionException: No qualifying bean of type 'org.springframework.messaging.MessageChannel' available: expected single matching bean but found 3: requestChannel,nullChannel,errorChannel
Caused by: org.springframework.beans.factory.NoUniqueBeanDefinitionException: No qualifying bean of type 'org.springframework.messaging.MessageChannel' available: expected single matching bean but found 3: requestChannel,nullChannel,errorChannel

testUpdateUser  Time elapsed: 0 s  <<< ERROR!
java.lang.IllegalStateException: Failed to load ApplicationContext
Caused by: org.springframework.beans.factory.UnsatisfiedDependencyException: Error creating bean with name 'userController': Unsatisfied dependency expressed through field 'userRequestChannel'; nested exception is org.springframework.beans.factory.NoUniqueBeanDefinitionException: No qualifying bean of type 'org.springframework.messaging.MessageChannel' available: expected single matching bean but found 3: requestChannel,nullChannel,errorChannel
Caused by: org.springframework.beans.factory.NoUniqueBeanDefinitionException: No qualifying bean of type 'org.springframework.messaging.MessageChannel' available: expected single matching bean but found 3: requestChannel,nullChannel,errorChannel

testEditUserForm  Time elapsed: 0 s  <<< ERROR!
java.lang.IllegalStateException: Failed to load ApplicationContext
Caused by: org.springframework.beans.factory.UnsatisfiedDependencyException: Error creating bean with name 'userController': Unsatisfied dependency expressed through field 'userRequestChannel'; nested exception is org.springframework.beans.factory.NoUniqueBeanDefinitionException: No qualifying bean of type 'org.springframework.messaging.MessageChannel' available: expected single matching bean but found 3: requestChannel,nullChannel,errorChannel
Caused by: org.springframework.beans.factory.NoUniqueBeanDefinitionException: No qualifying bean of type 'org.springframework.messaging.MessageChannel' available: expected single matching bean but found 3: requestChannel,nullChannel,errorChannel

testDeleteUser  Time elapsed: 0 s  <<< ERROR!
java.lang.IllegalStateException: Failed to load ApplicationContext
Caused by: org.springframework.beans.factory.UnsatisfiedDependencyException: Error creating bean with name 'userController': Unsatisfied dependency expressed through field 'userRequestChannel'; nested exception is org.springframework.beans.factory.NoUniqueBeanDefinitionException: No qualifying bean of type 'org.springframework.messaging.MessageChannel' available: expected single matching bean but found 3: requestChannel,nullChannel,errorChannel
Caused by: org.springframework.beans.factory.NoUniqueBeanDefinitionException: No qualifying bean of type 'org.springframework.messaging.MessageChannel' available: expected single matching bean but found 3: requestChannel,nullChannel,errorChannel

